<?xml version="1.0" encoding="UTF-8"?>
<!-- Generated by org.testng.reporters.JUnitReportReporter -->
<testsuite hostname="LAPTOP-CV23IIGL" failures="0" tests="1" name="tests.SignInPageTests" time="24.938" errors="0" timestamp="2022-09-02T20:12:44 IST" skipped="0">
  <testcase classname="tests.SignInPageTests" name="TC002" time="24.938"/>
  <system-out/>
</testsuite> <!-- tests.SignInPageTests -->
