<?xml version="1.0" encoding="UTF-8"?>
<!-- Generated by org.testng.reporters.JUnitReportReporter -->
<testsuite hostname="LAPTOP-CV23IIGL" failures="0" tests="1" name="tests.ContactPageTests" time="20.203" errors="0" timestamp="2022-09-02T20:12:44 IST" skipped="0">
  <testcase classname="tests.ContactPageTests" name="TC001" time="20.203"/>
  <system-out/>
</testsuite> <!-- tests.ContactPageTests -->
